This is XeTeX, Version 3.1415926-2.3-0.9997.5 (MiKTeX 2.9) (preloaded format=xelatex 2014.3.5)  30 OCT 2014 10:28
entering extended mode
**135678942570.tex

("C:\Users\135678942570\Desktop\workspace\135678942570 Template\135678942570-Te
mplate\135678942570.tex"
LaTeX2e <2011/06/27>
Babel <v3.8m> and hyphenation patterns for loaded.
(D:\CTEX\MiKTeX\tex\latex\base\article.cls
Document Class: article 2007/10/19 v1.4h Standard LaTeX document class
(D:\CTEX\MiKTeX\tex\latex\base\size10.clo
File: size10.clo 2007/10/19 v1.4h Standard LaTeX file (size option)
)
\c@part=\count80
\c@section=\count81
\c@subsection=\count82
\c@subsubsection=\count83
\c@paragraph=\count84
\c@subparagraph=\count85
\c@figure=\count86
\c@table=\count87
\abovecaptionskip=\skip41
\belowcaptionskip=\skip42
\bibindent=\dimen102
)
(D:\CTEX\MiKTeX\tex\xelatex\xecjk\xeCJK.sty
Package: xeCJK 2012/01/31 2.4.5 package for typesetting CJK scripts with XeLaTe
X

(D:\CTEX\MiKTeX\tex\generic\ifxetex\ifxetex.sty
Package: ifxetex 2010/09/12 v0.6 Provides ifxetex conditional
)
(D:\CTEX\MiKTeX\tex\latex\xkeyval\xkeyval.sty
Package: xkeyval 2008/08/13 v2.6a package option processing (HA)

(D:\CTEX\MiKTeX\tex\generic\xkeyval\xkeyval.tex
\XKV@toks=\toks14
\XKV@tempa@toks=\toks15
\XKV@depth=\count88
File: xkeyval.tex 2008/08/13 v2.6a key=value parser (HA)

(D:\CTEX\MiKTeX\tex\generic\xkeyval\keyval.tex)))
(D:\CTEX\MiKTeX\tex\latex\l3kernel\expl3.sty
(D:\CTEX\MiKTeX\tex\latex\l3kernel\l3names.sty
(D:\CTEX\MiKTeX\tex\latex\l3kernel\l3bootstrap.sty
Package: l3bootstrap 2011/12/29 v3110 L3 Experimental bootstrap code
)
Package: l3names 2011/12/30 v3113 L3 Experimental namespace for primitives
)
(D:\CTEX\MiKTeX\tex\latex\misc\etex.sty
Package: etex 1998/03/26 v2.0 eTeX basic definition package (PEB)
\et@xins=\count89
)
Package: expl3 2012/02/26 v3471 L3 Experimental code bundle wrapper

(D:\CTEX\MiKTeX\tex\latex\graphics\color.sty
Package: color 2005/11/14 v1.0j Standard LaTeX Color (DPC)

(D:\CTEX\MiKTeX\tex\latex\00miktex\color.cfg
File: color.cfg 2007/01/18 v1.5 color configuration of teTeX/TeXLive
)
Package color Info: Driver file: xetex.def on input line 130.

(D:\CTEX\MiKTeX\tex\xelatex\xetex-def\xetex.def
File: xetex.def 2009/11/22 v0.94 LaTeX color/graphics driver for XeTeX (RRM/JK)

))
(D:\CTEX\MiKTeX\tex\latex\graphics\graphics.sty
Package: graphics 2009/02/05 v1.0o Standard LaTeX Graphics (DPC,SPQR)

(D:\CTEX\MiKTeX\tex\latex\graphics\trig.sty
Package: trig 1999/03/16 v1.09 sin cos tan (DPC)
)
(D:\CTEX\MiKTeX\tex\latex\00miktex\graphics.cfg
File: graphics.cfg 2007/01/18 v1.5 graphics configuration of teTeX/TeXLive
)
Package graphics Info: Driver file: xetex.def on input line 91.
)
(D:\CTEX\MiKTeX\tex\latex\l3kernel\l3basics.sty
Package: l3basics 2012/02/26 v3460 L3 Experimental basic definitions
)
(D:\CTEX\MiKTeX\tex\latex\l3kernel\l3expan.sty
Package: l3expan 2012/02/26 v3460 L3 Experimental argument expansion
)
(D:\CTEX\MiKTeX\tex\latex\l3kernel\l3tl.sty
Package: l3tl 2012/02/26 v3460 L3 Experimental token lists
)
(D:\CTEX\MiKTeX\tex\latex\l3kernel\l3seq.sty
Package: l3seq 2012/01/09 v3158 L3 Experimental sequences and stacks
)
(D:\CTEX\MiKTeX\tex\latex\l3kernel\l3int.sty
Package: l3int 2012/02/26 v3460 L3 Experimental integers
\c_max_int=\count90
\l_tmpa_int=\count91
\l_tmpb_int=\count92
\l_tmpc_int=\count93
\g_tmpa_int=\count94
\g_tmpb_int=\count95
)
(D:\CTEX\MiKTeX\tex\latex\l3kernel\l3quark.sty
Package: l3quark 2012/02/12 v3384 L3 Experimental quarks
)
(D:\CTEX\MiKTeX\tex\latex\l3kernel\l3prg.sty
Package: l3prg 2012/02/26 v3464 L3 Experimental control structures
\g_prg_map_int=\count96
)
(D:\CTEX\MiKTeX\tex\latex\l3kernel\l3clist.sty
Package: l3clist 2012/02/26 v3460 L3 Experimental comma separated lists
)
(D:\CTEX\MiKTeX\tex\latex\l3kernel\l3token.sty
Package: l3token 2012/02/26 v3460 L3 Experimental token manipulation
)
(D:\CTEX\MiKTeX\tex\latex\l3kernel\l3prop.sty
Package: l3prop 2012/02/26 v3460 L3 Experimental property lists
)
(D:\CTEX\MiKTeX\tex\latex\l3kernel\l3msg.sty
Package: l3msg 2012/02/26 v3470 L3 Experimental messages
)
(D:\CTEX\MiKTeX\tex\latex\l3kernel\l3file.sty
Package: l3file 2012/02/26 v3464 L3 Experimental file and I/O operations
\l_iow_stream_int=\count97
\l_iow_line_length_int=\count98
\l_iow_target_length_int=\count99
\l_iow_current_line_int=\count100
\l_iow_current_word_int=\count101
\l_iow_current_indentation_int=\count102
)
(D:\CTEX\MiKTeX\tex\latex\l3kernel\l3skip.sty
Package: l3skip 2012/02/26 v3460 L3 Experimental dimensions and skips
\l_tmpa_dim=\dimen103
\l_tmpb_dim=\dimen104
\l_tmpc_dim=\dimen105
\g_tmpa_dim=\dimen106
\g_tmpb_dim=\dimen107
\l_tmpa_skip=\skip43
\l_tmpb_skip=\skip44
\l_tmpc_skip=\skip45
\g_tmpa_skip=\skip46
\g_tmpb_skip=\skip47
)
(D:\CTEX\MiKTeX\tex\latex\l3kernel\l3keys.sty
Package: l3keys 2011/12/22 v3086 L3 Experimental key-value interfaces
\g_keyval_level_int=\count103
\l_keys_choice_int=\count104
)
(D:\CTEX\MiKTeX\tex\latex\l3kernel\l3fp.sty
Package: l3fp 2012/02/06 v3315 L3 Experimental floating-point operations
\c_one_hundred_million=\count105
\c_five_hundred_million=\count106
\c_one_thousand_million=\count107
\c_fp_pi_by_four_decimal_int=\count108
\c_fp_pi_by_four_extended_int=\count109
\c_fp_pi_decimal_int=\count110
\c_fp_pi_extended_int=\count111
\c_fp_two_pi_decimal_int=\count112
\c_fp_two_pi_extended_int=\count113
\l_fp_count_int=\count114
\l_fp_div_offset_int=\count115
\l_fp_exp_integer_int=\count116
\l_fp_exp_decimal_int=\count117
\l_fp_exp_extended_int=\count118
\l_fp_exp_exponent_int=\count119
\l_fp_input_a_sign_int=\count120
\l_fp_input_a_integer_int=\count121
\l_fp_input_a_decimal_int=\count122
\l_fp_input_a_exponent_int=\count123
\l_fp_input_b_sign_int=\count124
\l_fp_input_b_integer_int=\count125
\l_fp_input_b_decimal_int=\count126
\l_fp_input_b_exponent_int=\count127
\l_fp_input_a_extended_int=\count128
\l_fp_input_b_extended_int=\count129
\l_fp_mul_a_i_int=\count130
\l_fp_mul_a_ii_int=\count131
\l_fp_mul_a_iii_int=\count132
\l_fp_mul_a_iv_int=\count133
\l_fp_mul_a_v_int=\count134
\l_fp_mul_a_vi_int=\count135
\l_fp_mul_b_i_int=\count136
\l_fp_mul_b_ii_int=\count137
\l_fp_mul_b_iii_int=\count138
\l_fp_mul_b_iv_int=\count139
\l_fp_mul_b_v_int=\count140
\l_fp_mul_b_vi_int=\count141
\l_fp_mul_output_int=\count142
\l_fp_output_sign_int=\count143
\l_fp_output_integer_int=\count144
\l_fp_output_decimal_int=\count145
\l_fp_output_exponent_int=\count146
\l_fp_output_extended_int=\count147
\l_fp_round_position_int=\count148
\l_fp_round_target_int=\count149
\l_fp_split_sign_int=\count150
\l_fp_internal_int=\count151
\l_fp_trig_octant_int=\count152
\l_fp_trig_sign_int=\count153
\l_fp_trig_decimal_int=\count154
\l_fp_trig_extended_int=\count155
\l_fp_internal_dim=\dimen108
\l_fp_internal_skip=\skip48
)
(D:\CTEX\MiKTeX\tex\latex\l3kernel\l3box.sty
Package: l3box 2012/02/18 v3432 L3 Experimental boxes
\l_tmpb_box=\box26
\l_box_top_dim=\dimen109
\l_box_bottom_dim=\dimen110
\l_box_left_dim=\dimen111
\l_box_right_dim=\dimen112
\l_box_top_new_dim=\dimen113
\l_box_bottom_new_dim=\dimen114
\l_box_left_new_dim=\dimen115
\l_box_right_new_dim=\dimen116
\l_box_internal_box=\box27
)
(D:\CTEX\MiKTeX\tex\latex\l3kernel\l3coffins.sty
Package: l3coffins 2012/02/26 v3460 L3 Experimental coffin code layer
\l_coffin_internal_box=\box28
\l_coffin_internal_dim=\dimen117
\l_coffin_offset_x_dim=\dimen118
\l_coffin_offset_y_dim=\dimen119
\l_coffin_x_dim=\dimen120
\l_coffin_y_dim=\dimen121
\l_coffin_x_prime_dim=\dimen122
\l_coffin_y_prime_dim=\dimen123
\l_coffin_Depth_dim=\dimen124
\l_coffin_Height_dim=\dimen125
\l_coffin_TotalHeight_dim=\dimen126
\l_coffin_Width_dim=\dimen127
\c_empty_coffin=\box29
\l_coffin_aligned_coffin=\box30
\l_coffin_aligned_internal_coffin=\box31
\l_coffin_bounding_shift_dim=\dimen128
\l_coffin_left_corner_dim=\dimen129
\l_coffin_right_corner_dim=\dimen130
\l_coffin_bottom_corner_dim=\dimen131
\l_coffin_top_corner_dim=\dimen132
\l_coffin_scaled_total_height_dim=\dimen133
\l_coffin_scaled_width_dim=\dimen134
\l_coffin_display_coffin=\box32
\l_coffin_display_coord_coffin=\box33
\l_coffin_display_pole_coffin=\box34
\l_coffin_display_offset_dim=\dimen135
\l_coffin_display_x_dim=\dimen136
\l_coffin_display_y_dim=\dimen137
)
(D:\CTEX\MiKTeX\tex\latex\l3kernel\l3color.sty
Package: l3color 2011/09/07 v2776 L3 Experimental colour support
)
(D:\CTEX\MiKTeX\tex\latex\l3kernel\l3luatex.sty
Package: l3luatex 2012/02/09 v3355 L3 Experimental LuaTeX-specific functions
\g_cctab_allocate_int=\count156
\g_cctab_stack_int=\count157
))
(D:\CTEX\MiKTeX\tex\latex\fontspec\fontspec.sty
Package: fontspec 2011/09/18 v2.2a Advanced font selection for XeLaTeX/LuaLaTeX


(D:\CTEX\MiKTeX\tex\latex\l3packages\xparse\xparse.sty
Package: xparse 2012/02/26 v3471 L3 Experimental document command parser
\l_xparse_current_arg_int=\count158
\l_xparse_m_args_int=\count159
\l_xparse_mandatory_args_int=\count160
\l_xparse_processor_int=\count161
\l_xparse_v_nesting_int=\count162
)
\l_fontspec_script_int=\count163
\l_fontspec_language_int=\count164
\l_fontspec_strnum_int=\count165
\l_fontspec_tmpa_dim=\dimen138
\l_fontspec_tmpb_dim=\dimen139
\l_fontspec_tmpc_dim=\dimen140
Variant \tl_gset:cV already defined; not changing it on line 66

(D:\CTEX\MiKTeX\tex\latex\fontspec\fontspec-patches.sty
Package: fontspec-patches 2011/09/18 v2.2a Advanced font selection for XeLaTeX/
LuaLaTeX

(D:\CTEX\MiKTeX\tex\latex\base\fixltx2e.sty
Package: fixltx2e 2006/09/13 v1.1m fixes to LaTeX
LaTeX Info: Redefining \em on input line 420.
)
LaTeX Info: Redefining \em on input line 22.
LaTeX Info: Redefining \emph on input line 29.
LaTeX Info: Redefining \- on input line 32.

*************************************************
* LaTeX warning: "xparse/redefine-command"
* 
* Redefining document command \oldstylenums with arg. spec. 'm' on line 107.
*************************************************
.................................................
. LaTeX info: "xparse/define-command"
. 
. Defining document command \liningnums with arg. spec. 'm' on line 111.
.................................................
) (D:\CTEX\MiKTeX\tex\latex\fontspec\fontspec-xetex.sty
Package: fontspec-xetex 2011/09/18 v2.2a Advanced font selection for XeLaTeX/Lu
aLaTeX

(D:\CTEX\MiKTeX\tex\latex\base\fontenc.sty
Package: fontenc 2005/09/27 v1.99g Standard LaTeX package

(D:\CTEX\MiKTeX\tex\latex\euenc\eu1enc.def
File: eu1enc.def 2010/05/27 v0.1h Experimental Unicode font encodings
)
LaTeX Font Info:    Try loading font information for EU1+lmr on input line 100.


(D:\CTEX\MiKTeX\tex\latex\euenc\eu1lmr.fd
File: eu1lmr.fd 2009/10/30 v1.6 Font defs for Latin Modern
))
(D:\CTEX\MiKTeX\tex\xelatex\xunicode\xunicode.sty
File: xunicode.sty 2011/09/09 v0.981 provides access to latin accents and many 
other characters in Unicode lower plane

(D:\CTEX\MiKTeX\tex\latex\tipa\t3enc.def
File: t3enc.def 2001/12/31 T3 encoding
LaTeX Font Info:    Try loading font information for EU1+lmss on input line 357
.

(D:\CTEX\MiKTeX\tex\latex\euenc\eu1lmss.fd
File: eu1lmss.fd 2009/10/30 v1.6 Font defs for Latin Modern
))
\tipaTiiicode=\count166
\tipasavetokens=\toks16
\tipachecktokens=\toks17

(D:\CTEX\MiKTeX\tex\latex\graphics\graphicx.sty
Package: graphicx 1999/02/16 v1.0f Enhanced LaTeX Graphics (DPC,SPQR)
\Gin@req@height=\dimen141
\Gin@req@width=\dimen142
))
.................................................
. LaTeX info: "xparse/define-command"
. 
. Defining document command \fontspec with arg. spec. 'O{}m' on line 39.
.................................................
.................................................
. LaTeX info: "xparse/define-command"
. 
. Defining document command \setmainfont with arg. spec. 'O{}m' on line 43.
.................................................
.................................................
. LaTeX info: "xparse/define-command"
. 
. Defining document command \setsansfont with arg. spec. 'O{}m' on line 47.
.................................................
.................................................
. LaTeX info: "xparse/define-command"
. 
. Defining document command \setmonofont with arg. spec. 'O{}m' on line 51.
.................................................
.................................................
. LaTeX info: "xparse/define-command"
. 
. Defining document command \setmathrm with arg. spec. 'O{}m' on line 59.
.................................................
.................................................
. LaTeX info: "xparse/define-command"
. 
. Defining document command \setboldmathrm with arg. spec. 'O{}m' on line 62.
.................................................
.................................................
. LaTeX info: "xparse/define-command"
. 
. Defining document command \setmathsf with arg. spec. 'O{}m' on line 65.
.................................................
.................................................
. LaTeX info: "xparse/define-command"
. 
. Defining document command \setmathtt with arg. spec. 'O{}m' on line 68.
.................................................
.................................................
. LaTeX info: "xparse/define-command"
. 
. Defining document command \newfontfamily with arg. spec. 'mO{}m' on line 84.
.................................................
.................................................
. LaTeX info: "xparse/define-command"
. 
. Defining document command \newfontface with arg. spec. 'mO{}m' on line 87.
.................................................
.................................................
. LaTeX info: "xparse/define-command"
. 
. Defining document command \defaultfontfeatures with arg. spec. 'm' on line
. 91.
.................................................
.................................................
. LaTeX info: "xparse/define-command"
. 
. Defining document command \addfontfeatures with arg. spec. 'm' on line 107.
.................................................
.................................................
. LaTeX info: "xparse/define-command"
. 
. Defining document command \newfontfeature with arg. spec. 'mm' on line 118.
.................................................
.................................................
. LaTeX info: "xparse/define-command"
. 
. Defining document command \newAATfeature with arg. spec. 'mmmm' on line 125.
.................................................
.................................................
. LaTeX info: "xparse/define-command"
. 
. Defining document command \newICUfeature with arg. spec. 'mmm' on line 132.
.................................................
.................................................
. LaTeX info: "xparse/define-command"
. 
. Defining document command \aliasfontfeature with arg. spec. 'mm' on line
. 159.
.................................................
.................................................
. LaTeX info: "xparse/define-command"
. 
. Defining document command \aliasfontfeatureoption with arg. spec. 'mmm' on
. line 164.
.................................................
.................................................
. LaTeX info: "xparse/define-command"
. 
. Defining document command \newfontscript with arg. spec. 'mm' on line 169.
.................................................
.................................................
. LaTeX info: "xparse/define-command"
. 
. Defining document command \newfontlanguage with arg. spec. 'mm' on line 192.
.................................................
.................................................
. LaTeX info: "xparse/define-command"
. 
. Defining document command \DeclareFontsExtensions with arg. spec. 'm' on
. line 211.
.................................................
Variant \prop_gput:cnV already defined; not changing it on line 485
Variant \prop_gput:cnx already defined; not changing it on line 486
Variant \keys_set:nx already defined; not changing it on line 963
\c@fontspec_tmp_int=\count167
LaTeX Info: Redefining \itshape on input line 1881.
LaTeX Info: Redefining \slshape on input line 1885.
LaTeX Info: Redefining \scshape on input line 1889.
LaTeX Info: Redefining \upshape on input line 1893.

(D:\CTEX\MiKTeX\tex\latex\fontspec\fontspec.cfg)))
\xeCJK@cnta=\count168
\xeCJK@cntb=\count169
\xeCJK@cntc=\count170
\xeCJK@cntd=\count171
\xeCJK@cnte=\count172
\xeCJK@dima=\dimen143
LaTeX Info: Redefining \normalfont on input line 886.
LaTeX Info: Redefining \rmfamily on input line 895.
LaTeX Info: Redefining \sffamily on input line 899.
LaTeX Info: Redefining \ttfamily on input line 903.
\xeCJK@featureadded=\count173
\g_xecjk_exspace_dim=\dimen144
)
\g_fontspec_family_Source Code Pro_int=\count174
.................................................
. fontspec info: "no-font-shape"
. 
. Could not resolve font Source Code Pro/I (it probably doesn't exist).
.................................................
.................................................
. fontspec info: "defining-font"
. 
. Font family 'SourceCodePro(0)' created for font 'Source Code Pro' with
. options [].
. 
. This font family consists of the following shapes:
. 
. * 'normal' with NFSS spec.:
. <->"Source Code Pro/ICU:script=latn;language=DFLT;"
. 
. * 'bold' with NFSS spec.:
. <->"Source Code Pro/B/ICU:script=latn;language=DFLT;"
. 
. * 'bold italic' with NFSS spec.:
. <->"Source Code Pro/BI/ICU:script=latn;language=DFLT;"
.................................................

(D:\CTEX\MiKTeX\tex\latex\tools\enumerate.sty
Package: enumerate 1999/03/05 v3.00 enumerate extensions (DPC)
\@enLab=\toks18
)
(D:\CTEX\UserData\tex\latex\listings\listings.sty
\lst@mode=\count175
\lst@gtempboxa=\box35
\lst@token=\toks19
\lst@length=\count176
\lst@currlwidth=\dimen145
\lst@column=\count177
\lst@pos=\count178
\lst@lostspace=\dimen146
\lst@width=\dimen147
\lst@newlines=\count179
\lst@lineno=\count180
\lst@maxwidth=\dimen148

(D:\CTEX\UserData\tex\latex\listings\lstmisc.sty
File: lstmisc.sty 2014/03/04 1.5c (Carsten Heinz)
\c@lstnumber=\count181
\lst@skipnumbers=\count182
\lst@framebox=\box36
)
(D:\CTEX\UserData\tex\latex\listings\listings.cfg
File: listings.cfg 2014/03/04 1.5c listings configuration
))
Package: listings 2014/03/04 1.5c (Carsten Heinz)

(D:\CTEX\UserData\tex\latex\listings\lstlang1.sty
File: lstlang1.sty 2014/03/04 1.5c listings language file
)
(D:\CTEX\UserData\tex\latex\listings\lstlang1.sty
File: lstlang1.sty 2014/03/04 1.5c listings language file
)
(D:\CTEX\UserData\tex\latex\listings\lstmisc.sty
File: lstmisc.sty 2014/03/04 1.5c (Carsten Heinz)
)
(D:\CTEX\MiKTeX\tex\latex\geometry\geometry.sty
Package: geometry 2010/09/12 v5.6 Page Geometry

(D:\CTEX\MiKTeX\tex\generic\oberdiek\ifpdf.sty
Package: ifpdf 2011/01/30 v2.3 Provides the ifpdf switch (HO)
Package ifpdf Info: pdfTeX in PDF mode is not detected.
)
(D:\CTEX\MiKTeX\tex\generic\oberdiek\ifvtex.sty
Package: ifvtex 2010/03/01 v1.5 Switches for detecting VTeX and its modes (HO)
Package ifvtex Info: VTeX not detected.
)
\Gm@cnth=\count183
\Gm@cntv=\count184
\c@Gm@tempcnt=\count185
\Gm@bindingoffset=\dimen149
\Gm@wd@mp=\dimen150
\Gm@odd@mp=\dimen151
\Gm@even@mp=\dimen152
\Gm@layoutwidth=\dimen153
\Gm@layoutheight=\dimen154
\Gm@layouthoffset=\dimen155
\Gm@layoutvoffset=\dimen156
\Gm@dimlist=\toks20

(D:\CTEX\MiKTeX\tex\xelatex\xetexconfig\geometry.cfg))
(D:\CTEX\MiKTeX\tex\latex\psnfss\courier.sty
Package: courier 2005/04/12 PSNFSS-v9.2a (WaS) 
)
(D:\CTEX\MiKTeX\tex\latex\hyperref\hyperref.sty
Package: hyperref 2012/02/06 v6.82o Hypertext links for LaTeX

(D:\CTEX\MiKTeX\tex\generic\oberdiek\hobsub-hyperref.sty
Package: hobsub-hyperref 2011/04/23 v1.4 Bundle oberdiek, subset hyperref (HO)

(D:\CTEX\MiKTeX\tex\generic\oberdiek\hobsub-generic.sty
Package: hobsub-generic 2011/04/23 v1.4 Bundle oberdiek, subset generic (HO)
Package: hobsub 2011/04/23 v1.4 Subsetting bundle oberdiek (HO)
Package: infwarerr 2010/04/08 v1.3 Providing info/warning/message (HO)
Package: ltxcmds 2011/04/18 v1.20 LaTeX kernel commands for general use (HO)
Package: ifluatex 2010/03/01 v1.3 Provides the ifluatex switch (HO)
Package ifluatex Info: LuaTeX not detected.
Package hobsub Info: Skipping package `ifvtex' (already loaded).
Package: intcalc 2007/09/27 v1.1 Expandable integer calculations (HO)
Package hobsub Info: Skipping package `ifpdf' (already loaded).
Package: etexcmds 2011/02/16 v1.5 Prefix for e-TeX command names (HO)
Package etexcmds Info: Could not find \expanded.
(etexcmds)             That can mean that you are not using pdfTeX 1.50 or
(etexcmds)             that some package has redefined \expanded.
(etexcmds)             In the latter case, load this package earlier.
Package: kvsetkeys 2011/04/07 v1.13 Key value parser (HO)
Package: kvdefinekeys 2011/04/07 v1.3 Defining keys (HO)
Package: pdftexcmds 2011/04/22 v0.16 Utilities of pdfTeX for LuaTeX (HO)
Package pdftexcmds Info: LuaTeX not detected.
Package pdftexcmds Info: pdfTeX >= 1.30 not detected.
Package pdftexcmds Info: \pdf@primitive is available.
Package pdftexcmds Info: \pdf@ifprimitive is available.
Package pdftexcmds Info: \pdfdraftmode not found.
Package: pdfescape 2011/04/04 v1.12 Provides string conversions (HO)
Package: bigintcalc 2011/01/30 v1.2 Expandable big integer calculations (HO)
Package: bitset 2011/01/30 v1.1 Data type bit set (HO)
Package: uniquecounter 2011/01/30 v1.2 Provides unlimited unique counter (HO)
)
Package hobsub Info: Skipping package `hobsub' (already loaded).
Package: letltxmacro 2010/09/02 v1.4 Let assignment for LaTeX macros (HO)
Package: hopatch 2011/01/30 v1.0 Wrapper for package hooks (HO)
Package: xcolor-patch 2011/01/30 xcolor patch
Package: atveryend 2011/04/23 v1.7 Hooks at very end of document (HO)
Package: atbegshi 2011/01/30 v1.15 At begin shipout hook (HO)
Package: refcount 2010/12/01 v3.2 Data extraction from references (HO)
Package: hycolor 2011/01/30 v1.7 Color options of hyperref/bookmark (HO)
)
(D:\CTEX\MiKTeX\tex\latex\oberdiek\kvoptions.sty
Package: kvoptions 2010/12/23 v3.10 Keyval support for LaTeX options (HO)
)
\@linkdim=\dimen157
\Hy@linkcounter=\count186
\Hy@pagecounter=\count187

(D:\CTEX\MiKTeX\tex\latex\hyperref\pd1enc.def
File: pd1enc.def 2012/02/06 v6.82o Hyperref: PDFDocEncoding definition (HO)
)
\Hy@SavedSpaceFactor=\count188

(D:\CTEX\MiKTeX\tex\latex\00miktex\hyperref.cfg
File: hyperref.cfg 2002/06/06 v1.2 hyperref configuration of TeXLive
)
Package hyperref Info: Option `CJKbookmarks' set `true' on input line 3925.
Package hyperref Info: Option `colorlinks' set `true' on input line 3925.
Package hyperref Info: Hyper figures OFF on input line 4046.
Package hyperref Info: Link nesting OFF on input line 4051.
Package hyperref Info: Hyper index ON on input line 4054.
Package hyperref Info: Plain pages OFF on input line 4061.
Package hyperref Info: Backreferencing OFF on input line 4066.
Package hyperref Info: Implicit mode ON; LaTeX internals redefined.
Package hyperref Info: Bookmarks ON on input line 4284.
\c@Hy@tempcnt=\count189

(D:\CTEX\MiKTeX\tex\xelatex\xetexurl\url.sty
\Urlmuskip=\muskip10
Package: url 2004/03/15  ver 3.1  Verb mode for urls, etc.
)
LaTeX Info: Redefining \url on input line 4637.
\Fld@menulength=\count190
\Field@Width=\dimen158
\Fld@charsize=\dimen159
Package hyperref Info: Hyper figures OFF on input line 5757.
Package hyperref Info: Link nesting OFF on input line 5762.
Package hyperref Info: Hyper index ON on input line 5765.
Package hyperref Info: backreferencing OFF on input line 5772.
Package hyperref Info: Link coloring ON on input line 5775.
Package hyperref Info: Link coloring with OCG OFF on input line 5782.
Package hyperref Info: PDF/A mode OFF on input line 5787.
LaTeX Info: Redefining \ref on input line 5827.
LaTeX Info: Redefining \pageref on input line 5831.
\Hy@abspage=\count191
\c@Item=\count192
\c@Hfootnote=\count193
)

Package hyperref Message: Driver (autodetected): hxetex.

(D:\CTEX\MiKTeX\tex\latex\hyperref\hxetex.def
File: hxetex.def 2012/02/06 v6.82o Hyperref driver for XeTeX

(D:\CTEX\MiKTeX\tex\latex\hyperref\puenc.def
File: puenc.def 2012/02/06 v6.82o Hyperref: PDF Unicode definition (HO)
)
(D:\CTEX\MiKTeX\tex\generic\oberdiek\stringenc.sty
Package: stringenc 2010/03/01 v1.8 Converts strings between encodings (HO)
)
\pdfm@box=\box37
\c@Hy@AnnotLevel=\count194
\HyField@AnnotCount=\count195
\Fld@listcount=\count196
\c@bookmark@seq@number=\count197

(D:\CTEX\MiKTeX\tex\latex\oberdiek\rerunfilecheck.sty
Package: rerunfilecheck 2011/04/15 v1.7 Rerun checks for auxiliary files (HO)
Package rerunfilecheck Info: Feature \pdfmdfivesum is not available
(rerunfilecheck)             (e.g. pdfTeX or LuaTeX with package `pdftexcmds').

(rerunfilecheck)             Therefore file contents cannot be checked efficien
tly
(rerunfilecheck)             and the loading of the package is aborted.
)
\Hy@SectionHShift=\skip49
)
(D:\CTEX\MiKTeX\tex\latex\fancyhdr\fancyhdr.sty
\fancy@headwidth=\skip50
\f@ncyO@elh=\skip51
\f@ncyO@erh=\skip52
\f@ncyO@olh=\skip53
\f@ncyO@orh=\skip54
\f@ncyO@elf=\skip55
\f@ncyO@erf=\skip56
\f@ncyO@olf=\skip57
\f@ncyO@orf=\skip58
)
(D:\CTEX\UserData\tex\latex\sectsty\sectsty.sty
Package: sectsty 2002/02/25 v2.0.2 Commands to change all sectional heading sty
les
)
("C:\Users\135678942570\Desktop\workspace\135678942570 Template\135678942570-Te
mplate\135678942570.aux")
LaTeX Font Info:    Checking defaults for OML/cmm/m/it on input line 43.
LaTeX Font Info:    ... okay on input line 43.
LaTeX Font Info:    Checking defaults for T1/cmr/m/n on input line 43.
LaTeX Font Info:    ... okay on input line 43.
LaTeX Font Info:    Checking defaults for OT1/cmr/m/n on input line 43.
LaTeX Font Info:    ... okay on input line 43.
LaTeX Font Info:    Checking defaults for OMS/cmsy/m/n on input line 43.
LaTeX Font Info:    ... okay on input line 43.
LaTeX Font Info:    Checking defaults for OMX/cmex/m/n on input line 43.
LaTeX Font Info:    ... okay on input line 43.
LaTeX Font Info:    Checking defaults for U/cmr/m/n on input line 43.
LaTeX Font Info:    ... okay on input line 43.
LaTeX Font Info:    Checking defaults for EU1/lmr/m/n on input line 43.
LaTeX Font Info:    ... okay on input line 43.
LaTeX Font Info:    Checking defaults for T3/cmr/m/n on input line 43.
LaTeX Font Info:    Try loading font information for T3+cmr on input line 43.
 (D:\CTEX\MiKTeX\tex\latex\tipa\t3cmr.fd
File: t3cmr.fd 2001/12/31 TIPA font definitions
)
LaTeX Font Info:    ... okay on input line 43.
LaTeX Font Info:    Checking defaults for PD1/pdf/m/n on input line 43.
LaTeX Font Info:    ... okay on input line 43.
LaTeX Font Info:    Checking defaults for PU/pdf/m/n on input line 43.
LaTeX Font Info:    ... okay on input line 43.
.................................................
. fontspec info: "setup-math"
. 
. Adjusting the maths setup (use [no-math] to avoid this).
.................................................
\symlegacymaths=\mathgroup4
LaTeX Font Info:    Overwriting symbol font `legacymaths' in version `bold'
(Font)                  OT1/cmr/m/n --> OT1/cmr/bx/n on input line 43.
LaTeX Font Info:    Redeclaring math accent \acute on input line 43.
LaTeX Font Info:    Redeclaring math accent \grave on input line 43.
LaTeX Font Info:    Redeclaring math accent \ddot on input line 43.
LaTeX Font Info:    Redeclaring math accent \tilde on input line 43.
LaTeX Font Info:    Redeclaring math accent \bar on input line 43.
LaTeX Font Info:    Redeclaring math accent \breve on input line 43.
LaTeX Font Info:    Redeclaring math accent \check on input line 43.
LaTeX Font Info:    Redeclaring math accent \hat on input line 43.
LaTeX Font Info:    Redeclaring math accent \dot on input line 43.
LaTeX Font Info:    Redeclaring math accent \mathring on input line 43.
LaTeX Font Info:    Redeclaring math symbol \colon on input line 43.
LaTeX Font Info:    Redeclaring math symbol \Gamma on input line 43.
LaTeX Font Info:    Redeclaring math symbol \Delta on input line 43.
LaTeX Font Info:    Redeclaring math symbol \Theta on input line 43.
LaTeX Font Info:    Redeclaring math symbol \Lambda on input line 43.
LaTeX Font Info:    Redeclaring math symbol \Xi on input line 43.
LaTeX Font Info:    Redeclaring math symbol \Pi on input line 43.
LaTeX Font Info:    Redeclaring math symbol \Sigma on input line 43.
LaTeX Font Info:    Redeclaring math symbol \Upsilon on input line 43.
LaTeX Font Info:    Redeclaring math symbol \Phi on input line 43.
LaTeX Font Info:    Redeclaring math symbol \Psi on input line 43.
LaTeX Font Info:    Redeclaring math symbol \Omega on input line 43.
LaTeX Font Info:    Redeclaring math symbol \mathdollar on input line 43.
LaTeX Font Info:    Redeclaring symbol font `operators' on input line 43.
LaTeX Font Info:    Encoding `OT1' has changed to `EU1' for symbol font
(Font)              `operators' in the math version `normal' on input line 43.
LaTeX Font Info:    Overwriting symbol font `operators' in version `normal'
(Font)                  OT1/cmr/m/n --> EU1/lmr/m/n on input line 43.
LaTeX Font Info:    Encoding `OT1' has changed to `EU1' for symbol font
(Font)              `operators' in the math version `bold' on input line 43.
LaTeX Font Info:    Overwriting symbol font `operators' in version `bold'
(Font)                  OT1/cmr/bx/n --> EU1/lmr/m/n on input line 43.
LaTeX Font Info:    Overwriting symbol font `operators' in version `normal'
(Font)                  EU1/lmr/m/n --> EU1/lmr/m/n on input line 43.
LaTeX Font Info:    Overwriting math alphabet `\mathrm' in version `normal'
(Font)                  EU1/lmr/m/n --> EU1/lmr/m/n on input line 43.
LaTeX Font Info:    Overwriting math alphabet `\mathit' in version `normal'
(Font)                  OT1/cmr/m/it --> EU1/lmr/m/it on input line 43.
LaTeX Font Info:    Overwriting math alphabet `\mathbf' in version `normal'
(Font)                  OT1/cmr/bx/n --> EU1/lmr/bx/n on input line 43.
LaTeX Font Info:    Overwriting math alphabet `\mathsf' in version `normal'
(Font)                  OT1/cmss/m/n --> EU1/SourceCodePro(0)/m/n on input line
 43.
LaTeX Font Info:    Overwriting math alphabet `\mathtt' in version `normal'
(Font)                  OT1/cmtt/m/n --> EU1/pcr/m/n on input line 43.
LaTeX Font Info:    Overwriting symbol font `operators' in version `bold'
(Font)                  EU1/lmr/m/n --> EU1/lmr/bx/n on input line 43.
LaTeX Font Info:    Overwriting math alphabet `\mathrm' in version `bold'
(Font)                  EU1/lmr/m/n --> EU1/lmr/bx/n on input line 43.
LaTeX Font Info:    Overwriting math alphabet `\mathit' in version `bold'
(Font)                  OT1/cmr/bx/it --> EU1/lmr/bx/it on input line 43.
LaTeX Font Info:    Overwriting math alphabet `\mathsf' in version `bold'
(Font)                  OT1/cmss/bx/n --> EU1/SourceCodePro(0)/bx/n on input li
ne 43.
LaTeX Font Info:    Overwriting math alphabet `\mathtt' in version `bold'
(Font)                  OT1/cmtt/m/n --> EU1/pcr/bx/n on input line 43.
\c@lstlisting=\count198

*geometry* detected driver: pdftex
*geometry* verbose mode - [ preamble ] result:
* driver: pdftex
* paper: a4paper
* layout: <same size as paper>
* layoutoffset:(h,v)=(0.0pt,0.0pt)
* modes: 
* h-part:(L,W,R)=(56.9055pt, 512.14963pt, 28.45274pt)
* v-part:(T,H,B)=(34.14322pt, 768.2245pt, 42.67912pt)
* \paperwidth=597.50787pt
* \paperheight=845.04684pt
* \textwidth=512.14963pt
* \textheight=768.2245pt
* \oddsidemargin=-15.36449pt
* \evensidemargin=-15.36449pt
* \topmargin=-52.97221pt
* \headheight=12.0pt
* \headsep=2.84544pt
* \topskip=10.0pt
* \footskip=30.0pt
* \marginparwidth=57.0pt
* \marginparsep=11.0pt
* \columnsep=22.76228pt
* \skip\footins=2.84544pt
* \hoffset=0.0pt
* \voffset=0.0pt
* \mag=1000
* \@twocolumnfalse
* \@twosidefalse
* \@mparswitchfalse
* \@reversemarginfalse
* (1in=72.27pt=25.4mm, 1cm=28.453pt)

\AtBeginShipoutBox=\box38
Package hyperref Info: Link coloring ON on input line 43.
(D:\CTEX\MiKTeX\tex\latex\hyperref\nameref.sty
Package: nameref 2010/04/30 v2.40 Cross-referencing by name of section

(D:\CTEX\MiKTeX\tex\generic\oberdiek\gettitlestring.sty
Package: gettitlestring 2010/12/03 v1.4 Cleanup title references (HO)
)
\c@section@level=\count199
)
LaTeX Info: Redefining \ref on input line 43.
LaTeX Info: Redefining \pageref on input line 43.
LaTeX Info: Redefining \nameref on input line 43.

("C:\Users\135678942570\Desktop\workspace\135678942570 Template\135678942570-Te
mplate\135678942570.out")
("C:\Users\135678942570\Desktop\workspace\135678942570 Template\135678942570-Te
mplate\135678942570.out")
\@outlinefile=\write3

("C:\Users\135678942570\Desktop\workspace\135678942570 Template\135678942570-Te
mplate\settings.tex")
("C:\Users\135678942570\Desktop\workspace\135678942570 Template\135678942570-Te
mplate\title.tex"
*geometry* verbose mode - [ newgeometry ] result:
* driver: pdftex
* paper: a4paper
* layout: <same size as paper>
* layoutoffset:(h,v)=(0.0pt,0.0pt)
* modes: 
* h-part:(L,W,R)=(28.45274pt, 540.60239pt, 28.45274pt)
* v-part:(T,H,B)=(42.67912pt, 759.6886pt, 42.67912pt)
* \paperwidth=597.50787pt
* \paperheight=845.04684pt
* \textwidth=540.60239pt
* \textheight=759.6886pt
* \oddsidemargin=-43.81725pt
* \evensidemargin=-43.81725pt
* \topmargin=-44.43631pt
* \headheight=12.0pt
* \headsep=2.84544pt
* \topskip=10.0pt
* \footskip=30.0pt
* \marginparwidth=57.0pt
* \marginparsep=11.0pt
* \columnsep=22.76228pt
* \skip\footins=2.84544pt
* \hoffset=0.0pt
* \voffset=0.0pt
* \mag=1000
* \@twocolumnfalse
* \@twosidefalse
* \@mparswitchfalse
* \@reversemarginfalse
* (1in=72.27pt=25.4mm, 1cm=28.453pt)

 (D:\CTEX\MiKTeX\tex\generic\oberdiek\se-ascii-print.def
File: se-ascii-print.def 2010/03/01 v1.8 stringenc: Printable ASCII characters
)
[1


])
("C:\Users\135678942570\Desktop\workspace\135678942570 Template\135678942570-Te
mplate\135678942570.toc"
\g_fontspec_family_微软雅黑_int=\count200
.................................................
. fontspec info: "no-font-shape"
. 
. Could not resolve font 微软雅黑/I (it probably doesn't exist).
.................................................
.................................................
. fontspec info: "no-font-shape"
. 
. Could not resolve font 微软雅黑/I (it probably doesn't exist).
.................................................
.................................................
. fontspec info: "defining-font"
. 
. Font family '微软雅黑(0)' created for font '微软雅黑' with options
. [BoldFont={微软雅黑}].
. 
. This font family consists of the following shapes:
. 
. * 'normal' with NFSS spec.:
. <->"微软雅黑/ICU:script=latn;language=DFLT;"
. 
. * 'bold' with NFSS spec.:
. <->"微软雅黑/ICU:script=latn;language=DFLT;"
.................................................
LaTeX Font Info:    External font `cmex10' loaded for size
(Font)              <7> on input line 2.
LaTeX Font Info:    External font `cmex10' loaded for size
(Font)              <5> on input line 2.
 [1

]
.................................................
. fontspec info: "defining-font"
. 
. Font family '微软雅黑(0)' created for font '微软雅黑' with options
. [BoldFont={微软雅黑}].
. 
. This font family consists of the following shapes:
.................................................
)
\tf@toc=\write4
 [2]
("C:\Users\135678942570\Desktop\workspace\135678942570 Template\135678942570-Te
mplate\geometry.tex"
.................................................
. fontspec info: "defining-font"
. 
. Font family '微软雅黑(0)' created for font '微软雅黑' with options
. [BoldFont={微软雅黑}].
. 
. This font family consists of the following shapes:
.................................................
.................................................
. fontspec info: "defining-font"
. 
. Font family '微软雅黑(0)' created for font '微软雅黑' with options
. [BoldFont={微软雅黑}].
. 
. This font family consists of the following shapes:
.................................................
LaTeX Font Info:    External font `cmex10' loaded for size
(Font)              <12> on input line 7.
LaTeX Font Info:    External font `cmex10' loaded for size
(Font)              <8> on input line 7.
LaTeX Font Info:    External font `cmex10' loaded for size
(Font)              <6> on input line 7.
.................................................
. fontspec info: "defining-font"
. 
. Font family '微软雅黑(0)' created for font '微软雅黑' with options
. [BoldFont={微软雅黑}].
. 
. This font family consists of the following shapes:
.................................................

Underfull \hbox (badness 10000) in paragraph at lines 46--47

 []

[3

]

Package hyperref Warning: Token not allowed in a PDF string (Unicode):
(hyperref)                removing `math shift' on input line 53.


Package hyperref Warning: Token not allowed in a PDF string (Unicode):
(hyperref)                removing `math shift' on input line 53.

[4]

Package xeCJK Warning: Unknown CJK family `sf' is ignored.
Use \setCJKfamilyfont to define a CJK family. on input line 132.


("C:\Users\135678942570\Desktop\workspace\135678942570 Template\135678942570-Te
mplate\geometry\polygon\head.cpp")
("C:\Users\135678942570\Desktop\workspace\135678942570 Template\135678942570-Te
mplate\geometry\polygon\is_convex.cpp" [5])
("C:\Users\135678942570\Desktop\workspace\135678942570 Template\135678942570-Te
mplate\geometry\polygon\is_convex_v2.cpp")
("C:\Users\135678942570\Desktop\workspace\135678942570 Template\135678942570-Te
mplate\geometry\polygon\inside_convex.cpp")
("C:\Users\135678942570\Desktop\workspace\135678942570 Template\135678942570-Te
mplate\geometry\polygon\inside_convex_v2.cpp")
("C:\Users\135678942570\Desktop\workspace\135678942570 Template\135678942570-Te
mplate\geometry\polygon\inside_polygon.cpp"
.................................................
. fontspec info: "defining-font"
. 
. Font family '微软雅黑(0)' created for font '微软雅黑' with options
. [BoldFont={微软雅黑}].
. 
. This font family consists of the following shapes:
.................................................
)
("C:\Users\135678942570\Desktop\workspace\135678942570 Template\135678942570-Te
mplate\geometry\polygon\inside_polygon_v2.cpp" [6])
("C:\Users\135678942570\Desktop\workspace\135678942570 Template\135678942570-Te
mplate\geometry\polygon\barycenter.cpp")
("C:\Users\135678942570\Desktop\workspace\135678942570 Template\135678942570-Te
mplate\geometry\float_function\head.cpp" [7])
("C:\Users\135678942570\Desktop\workspace\135678942570 Template\135678942570-Te
mplate\geometry\float_function\dis.cpp")
("C:\Users\135678942570\Desktop\workspace\135678942570 Template\135678942570-Te
mplate\geometry\float_function\dots_inline.cpp")
("C:\Users\135678942570\Desktop\workspace\135678942570 Template\135678942570-Te
mplate\geometry\float_function\dot_online_in.cpp")
("C:\Users\135678942570\Desktop\workspace\135678942570 Template\135678942570-Te
mplate\geometry\float_function\dot_online_ex.cpp")
("C:\Users\135678942570\Desktop\workspace\135678942570 Template\135678942570-Te
mplate\geometry\float_function\same_side.cpp" [8])
("C:\Users\135678942570\Desktop\workspace\135678942570 Template\135678942570-Te
mplate\geometry\float_function\opposite_side.cpp")
("C:\Users\135678942570\Desktop\workspace\135678942570 Template\135678942570-Te
mplate\geometry\float_function\parallel.cpp")
("C:\Users\135678942570\Desktop\workspace\135678942570 Template\135678942570-Te
mplate\geometry\float_function\perpendicular.cpp")
("C:\Users\135678942570\Desktop\workspace\135678942570 Template\135678942570-Te
mplate\geometry\float_function\intersect_in.cpp")
("C:\Users\135678942570\Desktop\workspace\135678942570 Template\135678942570-Te
mplate\geometry\float_function\intersect_ex.cpp")
("C:\Users\135678942570\Desktop\workspace\135678942570 Template\135678942570-Te
mplate\geometry\float_function\intersection.cpp" [9])
("C:\Users\135678942570\Desktop\workspace\135678942570 Template\135678942570-Te
mplate\geometry\float_function\ptoline.cpp")
("C:\Users\135678942570\Desktop\workspace\135678942570 Template\135678942570-Te
mplate\geometry\float_function\disptoline.cpp")
("C:\Users\135678942570\Desktop\workspace\135678942570 Template\135678942570-Te
mplate\geometry\float_function\ptoseg.cpp")
("C:\Users\135678942570\Desktop\workspace\135678942570 Template\135678942570-Te
mplate\geometry\float_function\disptoseg.cpp") [10]
("C:\Users\135678942570\Desktop\workspace\135678942570 Template\135678942570-Te
mplate\geometry\float_function\rotate.cpp")
("C:\Users\135678942570\Desktop\workspace\135678942570 Template\135678942570-Te
mplate\geometry\triangle\head.cpp")
("C:\Users\135678942570\Desktop\workspace\135678942570 Template\135678942570-Te
mplate\geometry\triangle\circumcenter.cpp")
("C:\Users\135678942570\Desktop\workspace\135678942570 Template\135678942570-Te
mplate\geometry\triangle\incenter.cpp")
("C:\Users\135678942570\Desktop\workspace\135678942570 Template\135678942570-Te
mplate\geometry\triangle\perpencenter.cpp" [11])
("C:\Users\135678942570\Desktop\workspace\135678942570 Template\135678942570-Te
mplate\geometry\triangle\barycenter.cpp")
("C:\Users\135678942570\Desktop\workspace\135678942570 Template\135678942570-Te
mplate\geometry\triangle\fermentpoint.cpp")
("C:\Users\135678942570\Desktop\workspace\135678942570 Template\135678942570-Te
mplate\geometry\3Dgeometry\head.cpp" [12])
("C:\Users\135678942570\Desktop\workspace\135678942570 Template\135678942570-Te
mplate\geometry\3Dgeometry\pvec.cpp")
("C:\Users\135678942570\Desktop\workspace\135678942570 Template\135678942570-Te
mplate\geometry\3Dgeometry\dots_inline.cpp")
("C:\Users\135678942570\Desktop\workspace\135678942570 Template\135678942570-Te
mplate\geometry\3Dgeometry\dots_onplane.cpp")
("C:\Users\135678942570\Desktop\workspace\135678942570 Template\135678942570-Te
mplate\geometry\3Dgeometry\dot_online_in.cpp")
("C:\Users\135678942570\Desktop\workspace\135678942570 Template\135678942570-Te
mplate\geometry\3Dgeometry\dot_online_ex.cpp")
("C:\Users\135678942570\Desktop\workspace\135678942570 Template\135678942570-Te
mplate\geometry\3Dgeometry\dot_inplane_in.cpp")
("C:\Users\135678942570\Desktop\workspace\135678942570 Template\135678942570-Te
mplate\geometry\3Dgeometry\dot_inplane_ex.cpp" [13])
("C:\Users\135678942570\Desktop\workspace\135678942570 Template\135678942570-Te
mplate\geometry\3Dgeometry\same_side.cpp")
("C:\Users\135678942570\Desktop\workspace\135678942570 Template\135678942570-Te
mplate\geometry\3Dgeometry\opposite_side.cpp")
("C:\Users\135678942570\Desktop\workspace\135678942570 Template\135678942570-Te
mplate\geometry\3Dgeometry\same_side2.cpp")
("C:\Users\135678942570\Desktop\workspace\135678942570 Template\135678942570-Te
mplate\geometry\3Dgeometry\opposite_side2.cpp")
("C:\Users\135678942570\Desktop\workspace\135678942570 Template\135678942570-Te
mplate\geometry\3Dgeometry\parallel.cpp")
("C:\Users\135678942570\Desktop\workspace\135678942570 Template\135678942570-Te
mplate\geometry\3Dgeometry\parallel2.cpp")
("C:\Users\135678942570\Desktop\workspace\135678942570 Template\135678942570-Te
mplate\geometry\3Dgeometry\parallel3.cpp" [14])
("C:\Users\135678942570\Desktop\workspace\135678942570 Template\135678942570-Te
mplate\geometry\3Dgeometry\perpendicular.cpp")
("C:\Users\135678942570\Desktop\workspace\135678942570 Template\135678942570-Te
mplate\geometry\3Dgeometry\perpendicular2.cpp")
("C:\Users\135678942570\Desktop\workspace\135678942570 Template\135678942570-Te
mplate\geometry\3Dgeometry\perpendicular3.cpp")
("C:\Users\135678942570\Desktop\workspace\135678942570 Template\135678942570-Te
mplate\geometry\3Dgeometry\intersect_in.cpp")
("C:\Users\135678942570\Desktop\workspace\135678942570 Template\135678942570-Te
mplate\geometry\3Dgeometry\intersect_ex.cpp")
("C:\Users\135678942570\Desktop\workspace\135678942570 Template\135678942570-Te
mplate\geometry\3Dgeometry\intersect_in2.cpp" [15])
("C:\Users\135678942570\Desktop\workspace\135678942570 Template\135678942570-Te
mplate\geometry\3Dgeometry\intersect_ex2.cpp")
("C:\Users\135678942570\Desktop\workspace\135678942570 Template\135678942570-Te
mplate\geometry\3Dgeometry\intersection.cpp")
("C:\Users\135678942570\Desktop\workspace\135678942570 Template\135678942570-Te
mplate\geometry\3Dgeometry\intersection2.cpp")
("C:\Users\135678942570\Desktop\workspace\135678942570 Template\135678942570-Te
mplate\geometry\3Dgeometry\intersection3.cpp" [16])
("C:\Users\135678942570\Desktop\workspace\135678942570 Template\135678942570-Te
mplate\geometry\3Dgeometry\ptoline.cpp")
("C:\Users\135678942570\Desktop\workspace\135678942570 Template\135678942570-Te
mplate\geometry\3Dgeometry\ptoplane.cpp")
("C:\Users\135678942570\Desktop\workspace\135678942570 Template\135678942570-Te
mplate\geometry\3Dgeometry\linetoline.cpp")
("C:\Users\135678942570\Desktop\workspace\135678942570 Template\135678942570-Te
mplate\geometry\3Dgeometry\angle_cos.cpp")
("C:\Users\135678942570\Desktop\workspace\135678942570 Template\135678942570-Te
mplate\geometry\3Dgeometry\angle_cos2.cpp")
("C:\Users\135678942570\Desktop\workspace\135678942570 Template\135678942570-Te
mplate\geometry\3Dgeometry\angle_sin.cpp") [17]
("C:\Users\135678942570\Desktop\workspace\135678942570 Template\135678942570-Te
mplate\geometry\grids.cpp")
("C:\Users\135678942570\Desktop\workspace\135678942570 Template\135678942570-Te
mplate\geometry\circle\head.cpp")
("C:\Users\135678942570\Desktop\workspace\135678942570 Template\135678942570-Te
mplate\geometry\circle\intersect_line_circle.cpp")
("C:\Users\135678942570\Desktop\workspace\135678942570 Template\135678942570-Te
mplate\geometry\circle\intersect_seg_circle.cpp" [18])
("C:\Users\135678942570\Desktop\workspace\135678942570 Template\135678942570-Te
mplate\geometry\circle\intersect_circle_circle.cpp")
("C:\Users\135678942570\Desktop\workspace\135678942570 Template\135678942570-Te
mplate\geometry\circle\dot_to_circle.cpp")
("C:\Users\135678942570\Desktop\workspace\135678942570 Template\135678942570-Te
mplate\geometry\circle\intersection_line_circle.cpp")
("C:\Users\135678942570\Desktop\workspace\135678942570 Template\135678942570-Te
mplate\geometry\circle\intersection_circle_circle.cpp")
("C:\Users\135678942570\Desktop\workspace\135678942570 Template\135678942570-Te
mplate\geometry\convex.cpp" [19])
("C:\Users\135678942570\Desktop\workspace\135678942570 Template\135678942570-Te
mplate\geometry\HPI.cpp" [20] [21])
("C:\Users\135678942570\Desktop\workspace\135678942570 Template\135678942570-Te
mplate\geometry\circle_area_add.cpp" [22] [23])
("C:\Users\135678942570\Desktop\workspace\135678942570 Template\135678942570-Te
mplate\geometry\circle_polygon_area.cpp" [24] [25])
("C:\Users\135678942570\Desktop\workspace\135678942570 Template\135678942570-Te
mplate\geometry\convex3d.cpp" [26] [27])) [28]
("C:\Users\135678942570\Desktop\workspace\135678942570 Template\135678942570-Te
mplate\math.tex"
("C:\Users\135678942570\Desktop\workspace\135678942570 Template\135678942570-Te
mplate\math\nim_mul.cpp")) [29

]
("C:\Users\135678942570\Desktop\workspace\135678942570 Template\135678942570-Te
mplate\graph.tex"
("C:\Users\135678942570\Desktop\workspace\135678942570 Template\135678942570-Te
mplate\graph\tarjan.cpp")
("C:\Users\135678942570\Desktop\workspace\135678942570 Template\135678942570-Te
mplate\graph\sap.cpp" [30

])
("C:\Users\135678942570\Desktop\workspace\135678942570 Template\135678942570-Te
mplate\graph\MCMF.cpp" [31] [32])) [33]
("C:\Users\135678942570\Desktop\workspace\135678942570 Template\135678942570-Te
mplate\string.tex"
.................................................
. fontspec info: "defining-font"
. 
. Font family '微软雅黑(0)' created for font '微软雅黑' with options
. [BoldFont={微软雅黑}].
. 
. This font family consists of the following shapes:
.................................................

("C:\Users\135678942570\Desktop\workspace\135678942570 Template\135678942570-Te
mplate\string\dc3.cpp")
("C:\Users\135678942570\Desktop\workspace\135678942570 Template\135678942570-Te
mplate\string\da.cpp" [34

])
("C:\Users\135678942570\Desktop\workspace\135678942570 Template\135678942570-Te
mplate\string\sam.cpp" [35]) [36]
("C:\Users\135678942570\Desktop\workspace\135678942570 Template\135678942570-Te
mplate\string\manacher.cpp")
("C:\Users\135678942570\Desktop\workspace\135678942570 Template\135678942570-Te
mplate\string\Minimum_Representation.cpp")) [37]
("C:\Users\135678942570\Desktop\workspace\135678942570 Template\135678942570-Te
mplate\mist.tex"
("C:\Users\135678942570\Desktop\workspace\135678942570 Template\135678942570-Te
mplate\mist\Dancing_Links.cpp" [38

] [39])
("C:\Users\135678942570\Desktop\workspace\135678942570 Template\135678942570-Te
mplate\mist\manhattan_MST.cpp" [40] [41])
("C:\Users\135678942570\Desktop\workspace\135678942570 Template\135678942570-Te
mplate\mist\stack.cpp"
LaTeX Font Info:    Try loading font information for EU1+lmtt on input line 7.
 (D:\CTEX\MiKTeX\tex\latex\euenc\eu1lmtt.fd
File: eu1lmtt.fd 2009/10/30 v1.6 Font defs for Latin Modern
))
("C:\Users\135678942570\Desktop\workspace\135678942570 Template\135678942570-Te
mplate\mist\input.cpp"))
Package atveryend Info: Empty hook `BeforeClearDocument' on input line 56.
 [42]
Package atveryend Info: Empty hook `AfterLastShipout' on input line 56.

("C:\Users\135678942570\Desktop\workspace\135678942570 Template\135678942570-Te
mplate\135678942570.aux")
Package atveryend Info: Empty hook `AtVeryEndDocument' on input line 56.
Package atveryend Info: Empty hook `AtEndAfterFileList' on input line 56.
 ) 
Here is how much of TeX's memory you used:
 21956 strings out of 430478
 420372 string characters out of 3191503
 745289 words of memory out of 3000000
 24595 multiletter control sequences out of 15000+200000
 6688 words of font info for 62 fonts, out of 3000000 for 9000
 14 hyphenation exceptions out of 8191
 47i,12n,97p,590b,1189s stack positions out of 5000i,500n,10000p,200000b,50000s

Output written on 135678942570.pdf (43 pages).
