\BOOKMARK [1][-]{section.1}{Geometry}{}% 1
\BOOKMARK [2][-]{subsection.1.1}{注意}{section.1}% 2
\BOOKMARK [2][-]{subsection.1.2}{几何公式}{section.1}% 3
\BOOKMARK [3][-]{subsubsection.1.2.1}{三角形}{subsection.1.2}% 4
\BOOKMARK [3][-]{subsubsection.1.2.2}{四边形}{subsection.1.2}% 5
\BOOKMARK [3][-]{subsubsection.1.2.3}{圆内接四边形}{subsection.1.2}% 6
\BOOKMARK [3][-]{subsubsection.1.2.4}{正N边形}{subsection.1.2}% 7
\BOOKMARK [3][-]{subsubsection.1.2.5}{圆}{subsection.1.2}% 8
\BOOKMARK [3][-]{subsubsection.1.2.6}{棱柱}{subsection.1.2}% 9
\BOOKMARK [3][-]{subsubsection.1.2.7}{棱锥}{subsection.1.2}% 10
\BOOKMARK [3][-]{subsubsection.1.2.8}{正棱锥}{subsection.1.2}% 11
\BOOKMARK [3][-]{subsubsection.1.2.9}{棱台}{subsection.1.2}% 12
\BOOKMARK [3][-]{subsubsection.1.2.10}{正棱台}{subsection.1.2}% 13
\BOOKMARK [3][-]{subsubsection.1.2.11}{圆柱}{subsection.1.2}% 14
\BOOKMARK [3][-]{subsubsection.1.2.12}{圆锥}{subsection.1.2}% 15
\BOOKMARK [3][-]{subsubsection.1.2.13}{圆台}{subsection.1.2}% 16
\BOOKMARK [3][-]{subsubsection.1.2.14}{球}{subsection.1.2}% 17
\BOOKMARK [3][-]{subsubsection.1.2.15}{球台}{subsection.1.2}% 18
\BOOKMARK [3][-]{subsubsection.1.2.16}{球扇形}{subsection.1.2}% 19
\BOOKMARK [2][-]{subsection.1.3}{多边形}{section.1}% 20
\BOOKMARK [3][-]{subsubsection.1.3.1}{头文件}{subsection.1.3}% 21
\BOOKMARK [3][-]{subsubsection.1.3.2}{判定凸多边形,允许相邻边共线}{subsection.1.3}% 22
\BOOKMARK [3][-]{subsubsection.1.3.3}{判定凸多边形,不允许相邻边共线}{subsection.1.3}% 23
\BOOKMARK [3][-]{subsubsection.1.3.4}{判点在凸多边形内或多边形边上}{subsection.1.3}% 24
\BOOKMARK [3][-]{subsubsection.1.3.5}{判点在凸多边形内}{subsection.1.3}% 25
\BOOKMARK [3][-]{subsubsection.1.3.6}{判点在任意多边形内}{subsection.1.3}% 26
\BOOKMARK [3][-]{subsubsection.1.3.7}{判线段在任意多边形内}{subsection.1.3}% 27
\BOOKMARK [3][-]{subsubsection.1.3.8}{多边形重心}{subsection.1.3}% 28
\BOOKMARK [2][-]{subsection.1.4}{浮点函数}{section.1}% 29
\BOOKMARK [3][-]{subsubsection.1.4.1}{头文件}{subsection.1.4}% 30
\BOOKMARK [3][-]{subsubsection.1.4.2}{两点距离}{subsection.1.4}% 31
\BOOKMARK [3][-]{subsubsection.1.4.3}{判三点共线}{subsection.1.4}% 32
\BOOKMARK [3][-]{subsubsection.1.4.4}{判点在线段上，包括端点}{subsection.1.4}% 33
\BOOKMARK [3][-]{subsubsection.1.4.5}{判点在线段上,不包括端点}{subsection.1.4}% 34
\BOOKMARK [3][-]{subsubsection.1.4.6}{判两点在线段同侧,点在线段上返回0}{subsection.1.4}% 35
\BOOKMARK [3][-]{subsubsection.1.4.7}{判两点在线段异侧,点在线段上返回0}{subsection.1.4}% 36
\BOOKMARK [3][-]{subsubsection.1.4.8}{判两直线平行}{subsection.1.4}% 37
\BOOKMARK [3][-]{subsubsection.1.4.9}{判两直线垂直}{subsection.1.4}% 38
\BOOKMARK [3][-]{subsubsection.1.4.10}{判两线段相交,包括端点和部分重合}{subsection.1.4}% 39
\BOOKMARK [3][-]{subsubsection.1.4.11}{判两线段相交,不包括端点和部分重合}{subsection.1.4}% 40
\BOOKMARK [3][-]{subsubsection.1.4.12}{计算两直线交点}{subsection.1.4}% 41
\BOOKMARK [3][-]{subsubsection.1.4.13}{点到直线上的最近点}{subsection.1.4}% 42
\BOOKMARK [3][-]{subsubsection.1.4.14}{点到直线距离}{subsection.1.4}% 43
\BOOKMARK [3][-]{subsubsection.1.4.15}{点到线段上的最近点}{subsection.1.4}% 44
\BOOKMARK [3][-]{subsubsection.1.4.16}{点到线段距离}{subsection.1.4}% 45
\BOOKMARK [3][-]{subsubsection.1.4.17}{矢量V以P为顶点逆时针旋转angle并放大scale倍}{subsection.1.4}% 46
\BOOKMARK [2][-]{subsection.1.5}{三角形}{section.1}% 47
\BOOKMARK [3][-]{subsubsection.1.5.1}{头文件}{subsection.1.5}% 48
\BOOKMARK [3][-]{subsubsection.1.5.2}{外心}{subsection.1.5}% 49
\BOOKMARK [3][-]{subsubsection.1.5.3}{内心}{subsection.1.5}% 50
\BOOKMARK [3][-]{subsubsection.1.5.4}{垂心}{subsection.1.5}% 51
\BOOKMARK [3][-]{subsubsection.1.5.5}{重心}{subsection.1.5}% 52
\BOOKMARK [3][-]{subsubsection.1.5.6}{费马点}{subsection.1.5}% 53
\BOOKMARK [2][-]{subsection.1.6}{三维几何}{section.1}% 54
\BOOKMARK [3][-]{subsubsection.1.6.1}{头文件}{subsection.1.6}% 55
\BOOKMARK [3][-]{subsubsection.1.6.2}{取平面法向量}{subsection.1.6}% 56
\BOOKMARK [3][-]{subsubsection.1.6.3}{判三点共线}{subsection.1.6}% 57
\BOOKMARK [3][-]{subsubsection.1.6.4}{判四点共面}{subsection.1.6}% 58
\BOOKMARK [3][-]{subsubsection.1.6.5}{判点是否在线段上,包括端点和共线}{subsection.1.6}% 59
\BOOKMARK [3][-]{subsubsection.1.6.6}{判点是否在线段上,不包括端点}{subsection.1.6}% 60
\BOOKMARK [3][-]{subsubsection.1.6.7}{判点是否在空间三角形上,包括边界,三点共线无意义}{subsection.1.6}% 61
\BOOKMARK [3][-]{subsubsection.1.6.8}{判点是否在空间三角形上,不包括边界,三点共线无意义}{subsection.1.6}% 62
\BOOKMARK [3][-]{subsubsection.1.6.9}{判两点在线段同侧,点在线段上返回0,不共面无意义}{subsection.1.6}% 63
\BOOKMARK [3][-]{subsubsection.1.6.10}{判两点在线段异侧,点在线段上返回0,不共面无意义}{subsection.1.6}% 64
\BOOKMARK [3][-]{subsubsection.1.6.11}{判两点在平面同侧,点在平面上返回0}{subsection.1.6}% 65
\BOOKMARK [3][-]{subsubsection.1.6.12}{判两点在平面异侧,点在平面上返回0}{subsection.1.6}% 66
\BOOKMARK [3][-]{subsubsection.1.6.13}{判两直线平行}{subsection.1.6}% 67
\BOOKMARK [3][-]{subsubsection.1.6.14}{判两平面平行}{subsection.1.6}% 68
\BOOKMARK [3][-]{subsubsection.1.6.15}{判直线与平面平行}{subsection.1.6}% 69
\BOOKMARK [3][-]{subsubsection.1.6.16}{判两直线垂直}{subsection.1.6}% 70
\BOOKMARK [3][-]{subsubsection.1.6.17}{判两平面垂直}{subsection.1.6}% 71
\BOOKMARK [3][-]{subsubsection.1.6.18}{判直线与平面垂直}{subsection.1.6}% 72
\BOOKMARK [3][-]{subsubsection.1.6.19}{判两线段相交,包括端点和部分重合}{subsection.1.6}% 73
\BOOKMARK [3][-]{subsubsection.1.6.20}{判两线段相交,不包括端点和部分重合}{subsection.1.6}% 74
\BOOKMARK [3][-]{subsubsection.1.6.21}{判线段与空间三角形相交,包括交于边界和\(部分\)包含}{subsection.1.6}% 75
\BOOKMARK [3][-]{subsubsection.1.6.22}{判线段与空间三角形相交,不包括交于边界和\(部分\)包含}{subsection.1.6}% 76
\BOOKMARK [3][-]{subsubsection.1.6.23}{计算两直线交点}{subsection.1.6}% 77
\BOOKMARK [3][-]{subsubsection.1.6.24}{计算直线与平面交点}{subsection.1.6}% 78
\BOOKMARK [3][-]{subsubsection.1.6.25}{计算两平面交线}{subsection.1.6}% 79
\BOOKMARK [3][-]{subsubsection.1.6.26}{点到直线距离}{subsection.1.6}% 80
\BOOKMARK [3][-]{subsubsection.1.6.27}{点到平面距离}{subsection.1.6}% 81
\BOOKMARK [3][-]{subsubsection.1.6.28}{直线到直线距离}{subsection.1.6}% 82
\BOOKMARK [3][-]{subsubsection.1.6.29}{两直线夹角cos值}{subsection.1.6}% 83
\BOOKMARK [3][-]{subsubsection.1.6.30}{两平面夹角cos值}{subsection.1.6}% 84
\BOOKMARK [3][-]{subsubsection.1.6.31}{直线平面夹角sin值}{subsection.1.6}% 85
\BOOKMARK [2][-]{subsection.1.7}{网格}{section.1}% 86
\BOOKMARK [2][-]{subsection.1.8}{圆}{section.1}% 87
\BOOKMARK [3][-]{subsubsection.1.8.1}{头文件}{subsection.1.8}% 88
\BOOKMARK [3][-]{subsubsection.1.8.2}{判直线和圆相交,包括相切}{subsection.1.8}% 89
\BOOKMARK [3][-]{subsubsection.1.8.3}{判线段和圆相交,包括端点和相切}{subsection.1.8}% 90
\BOOKMARK [3][-]{subsubsection.1.8.4}{判圆和圆相交,包括相切}{subsection.1.8}% 91
\BOOKMARK [3][-]{subsubsection.1.8.5}{计算圆上到点p最近点,如p与圆心重合,返回p本身}{subsection.1.8}% 92
\BOOKMARK [3][-]{subsubsection.1.8.6}{计算直线与圆的交点}{subsection.1.8}% 93
\BOOKMARK [3][-]{subsubsection.1.8.7}{计算圆与圆的交点}{subsection.1.8}% 94
\BOOKMARK [2][-]{subsection.1.9}{凸包重心}{section.1}% 95
\BOOKMARK [2][-]{subsection.1.10}{半平面交}{section.1}% 96
\BOOKMARK [2][-]{subsection.1.11}{圆面积并}{section.1}% 97
\BOOKMARK [2][-]{subsection.1.12}{圆与多边形交}{section.1}% 98
\BOOKMARK [2][-]{subsection.1.13}{三维凸包}{section.1}% 99
\BOOKMARK [1][-]{section.2}{Graph}{}% 100
\BOOKMARK [2][-]{subsection.2.1}{Tarjan}{section.2}% 101
\BOOKMARK [2][-]{subsection.2.2}{Sap}{section.2}% 102
\BOOKMARK [2][-]{subsection.2.3}{费用流}{section.2}% 103
\BOOKMARK [1][-]{section.3}{字符串}{}% 104
\BOOKMARK [2][-]{subsection.3.1}{后缀数组dc3}{section.3}% 105
\BOOKMARK [2][-]{subsection.3.2}{后缀数组da}{section.3}% 106
\BOOKMARK [2][-]{subsection.3.3}{后缀自动机}{section.3}% 107
\BOOKMARK [1][-]{section.4}{杂物}{}% 108
\BOOKMARK [2][-]{subsection.4.1}{Dancing\040Links}{section.4}% 109
