This is XeTeX, Version 3.1415926-2.3-0.9997.5 (MiKTeX 2.9) (preloaded format=xelatex 2014.3.5)  8 JUL 2014 23:06
entering extended mode
**C:/Users/135678942570/Desktop/workspace/135678942570*Template/geometry
("C:/Users/135678942570/Desktop/workspace/135678942570 Template/geometry.tex"
LaTeX2e <2011/06/27>
Babel <v3.8m> and hyphenation patterns for loaded.
! Undefined control sequence.
l.1 \section
            {Geometry}
? 
! Emergency stop.
l.1 \section
            {Geometry}
End of file on the terminal!

 
Here is how much of TeX's memory you used:
 6 strings out of 430478
 234 string characters out of 3191503
 44928 words of memory out of 3000000
 3235 multiletter control sequences out of 15000+200000
 3640 words of font info for 14 fonts, out of 3000000 for 9000
 14 hyphenation exceptions out of 8191
 5i,0n,1p,91b,8s stack positions out of 5000i,500n,10000p,200000b,50000s
No pages of output.
